====== MLP ======

{'resnet50': {'MLPClassifier': {'AUROC': 0.7414036969305234, 'F1': 0.8462760624858305, 'BR-closed': 0.8800000000000001, 'BR-open': 0.23860000000000003}}, 'vgg16': {'MLPClassifier': {'AUROC': 0.9777948597149877, 'F1': 0.9633545197678041, 'BR-closed': 0.93199999999999999, 'BR-open': 0.9207999999999999}}, 'inception': {'MLPClassifier': {'AUROC': 0.9325788120252645, 'F1': 0.9117288854521936, 'BR-closed': 0.8695, 'BR-open': 0.6754}}}

====== OCSVM ======

{'resnet50': {'OneClassSVM': {'AUROC': 0.835397481274178, 'F1': 0.7924744003897308, 'BR-closed': 0.6245, 'BR-open': 1.0}}, 'vgg16': {'OneClassSVM': {'AUROC': 0.8767518252528854, 'F1': 0.8256873474411457, 'BR-closed': 0.706, 'BR-open': 1.0}}, 'inception': {'OneClassSVM': {'AUROC': 0.8771639446891934, 'F1': 0.8258588456805464, 'BR-closed': 0.7080000000000001, 'BR-open': 1.0}}}

====== IF ======

{'resnet50': {'IsolationForest': {'AUROC': 0.876470316474792, 'F1': 0.8462848199371684, 'BR-closed': 0.692, 'BR-open': 1.0}}, 'vgg16': {'IsolationForest': {'AUROC': 0.8731971523398776, 'F1': 0.8598636222994625, 'BR-closed': 0.8606999999999998, 'BR-open': 0.8664}}, 'inception': {'IsolationForest': {'AUROC': 0.9051070834024343, 'F1': 0.8389160888238345, 'BR-closed': 0.7565, 'BR-open': 1.0}}}

====== LOF ======

{'resnet50': {'LocalOutlierFactor': {'AUROC': 0.9121225319904079, 'F1': 0.8451716503426931, 'BR-closed': 0.7284999999999999, 'BR-open': 1.0}}, 'vgg16': {'LocalOutlierFactor': {'AUROC': 0.9090506510594302, 'F1': 0.8430730685136546, 'BR-closed': 0.7095, 'BR-open': 1.0}}, 'inception': {'LocalOutlierFactor': {'AUROC': 0.9149730779877552, 'F1': 0.8498905756480976, 'BR-closed': 0.7030000000000001, 'BR-open': 1.0}}}

====== WSVM ======

{'resnet50': {'WSVM': {'AUROC': 0.8595829134343287, 'F1': 0.7659208494068927, 'BR-closed': 0.7384999999999999, 'BR-open': 0.8273999999999999}}, 'vgg16': {'WSVM': {'AUROC': 0.902182670676823, 'F1': 0.8088878005103534, 'BR-closed': 0.8121999999999999, 'BR-open': 0.9631}}, 'inception': {'WSVM': {'AUROC': 0.9106206425957511, 'F1': 0.6797407919926793, 'BR-closed': 0.9199999999999998, 'BR-open': 0.8856}}}

====== PISVM ======

{'get_resnet50_embeddings': {'PISVM': {'AUROC': 0.6709382960153798, 'F1': 0.8375387701739238, 'BR-closed': 0.8627999999999999, 'BR-open': 0.1684}}, 'get_vgg16_embeddings': {'PISVM': {'AUROC': 0.9902290055226863, 'F1': 0.9532992387084127, 'BR-closed': 0.9110999999999999, 'BR-open': 1.0}}, 'get_inception_embeddings': {'PISVM': {'AUROC': 0.9834769426282104, 'F1': 0.9577307054618234, 'BR-closed': 0.904, 'BR-open': 0.9856}}}

====== OPENMAX ======

{'resnet50': {'OPENMAX': {'AUROC': 0.6973063325569072, 'F1': 0.773761303803531873, 'BR-closed': 0.9164999999999999, 'BR-open': 0.5834}}, 'vgg16': {'OPENMAX': {'AUROC': 0.9630770666168848, 'F1': 0.9389552265375638, 'BR-closed': 0.9706999999999999, 'BR-open': 0.8932}}, 'inception': {'OPENMAX': {'AUROC': 0.940915715347468, 'F1': 0.92892632190209783, 'BR-closed': 0.9500000000000001, 'BR-open': 0.8463999999999999}}}

====== DFKDE ======

{'dfkde': {'AUROC': 0.9848, 'F1': 0.8930361344537814, 'BR-closed': 0.7700000000000004, 'BR-open': 0.972}}

====== DFM ======

{'dfm': {'AUROC': 0.9909428571428571, 'F1': 0.8347275862068965, 'BR-closed': 0.85, 'BR-open': 0.98}}

====== GANOMALY ======

{'ganomaly': {'AUROC': 0.8242428571428571, 'F1': 0.89302748815165875, 'BR-closed': 0.61, 'BR-open': 0.946}}

0                (0.6575428571428571, 0.0, 1.0, 1.0)
1  (0.6581142857142859, 0.23222748815165875, 0.94...

====== OSRCI ======

{'osrci': {'AUROC': 0.7884496009122007, 'F1': 0.6813142857142859, 'BR-closed': 0.99, 'BR-open': 0.854}}

====== OPENGAN ======

{'opengan': {'AUROC': 0.9399755474207738, 'F1': 0.8858034963925392, 'BR-closed': 0.8482999999999999, 'BR-open': 0.686}}


====== PROPOSED ======

{'get_resnet50_embeddings': {'MLPClassifier': {'AUROC': 0.9952274703557311, 'F1': 0.9650704251386321, 'R_CLOSED': 0.8670000000000002, 'R_OPEN': 0.9772000000000003}}, 'get_vgg16_embeddings': {'MLPClassifier': {'AUROC': 0.9965003065475087, 'F1': 0.9796188861985472, 'R_CLOSED': 0.9559999999999999, 'R_OPEN': 0.9952}}, 'get_inception_embeddings': {'MLPClassifier': {'AUROC': 0.9954893978594188, 'F1': 0.9752390875462392, 'R_CLOSED': 0.949, 'R_OPEN': 0.9884000000000001}}}
